<?xml version="1.0" encoding="UTF-8"?>
<!-- Generated by org.testng.reporters.JUnitReportReporter -->
<testsuite skipped="0" hostname="LAPTOP31" name="testCases.FirstTest" tests="6" failures="0" timestamp="2019-10-21T11:29:16 IST" time="92.671" errors="0">
  <testcase name="first" time="14.463" classname="testCases.FirstTest"/>
  <testcase name="first" time="16.649" classname="testCases.FirstTest"/>
  <testcase name="first" time="14.154" classname="testCases.FirstTest"/>
  <testcase name="first" time="19.267" classname="testCases.FirstTest"/>
  <testcase name="first" time="14.107" classname="testCases.FirstTest"/>
  <testcase name="second" time="14.031" classname="testCases.FirstTest"/>
</testsuite> <!-- testCases.FirstTest -->
