<?xml version="1.0" encoding="UTF-8"?>
<!-- Generated by org.testng.reporters.JUnitReportReporter -->
<testsuite skipped="0" hostname="LAPTOP31" name="testCases.Landing_page_test" tests="6" failures="0" timestamp="2019-11-05T13:06:34 IST" time="44.535" errors="0">
  <testcase name="existence_watermark_password" time="0.326" classname="testCases.Landing_page_test"/>
  <testcase name="login" time="31.737" classname="testCases.Landing_page_test"/>
  <testcase name="link_options" time="5.973" classname="testCases.Landing_page_test"/>
  <testcase name="existence_watermark_username" time="0.297" classname="testCases.Landing_page_test"/>
  <testcase name="link_options" time="5.900" classname="testCases.Landing_page_test"/>
  <testcase name="navigate_user_details" time="0.302" classname="testCases.Landing_page_test"/>
</testsuite> <!-- testCases.Landing_page_test -->
