<?xml version="1.0" encoding="UTF-8"?>
<!-- Generated by org.testng.reporters.JUnitReportReporter -->
<testsuite skipped="0" hostname="LAPTOP31" name="testCases.Landing_page2" tests="2" failures="0" timestamp="2019-10-18T16:06:11 IST" time="6.587" errors="0">
  <testcase name="navigate_user_details" time="0.336" classname="testCases.Landing_page2"/>
  <testcase name="login" time="6.251" classname="testCases.Landing_page2"/>
</testsuite> <!-- testCases.Landing_page2 -->
